<?xml version="1.0" encoding="UTF-8"?>
<!-- Generated by org.testng.reporters.JUnitReportReporter -->
<testsuite hostname="DESKTOP-RTV7A8K" failures="0" tests="2" name="testngPractice2.ParameterizationDemo1" time="15.532" errors="0" timestamp="2024-09-06T15:08:17 IST" skipped="0">
  <testcase classname="testngPractice2.ParameterizationDemo1" name="para" time="8.534"/>
  <system-out/>
  <testcase classname="testngPractice2.ParameterizationDemo1" name="para" time="6.998"/>
  <system-out/>
</testsuite> <!-- testngPractice2.ParameterizationDemo1 -->
