<?xml version="1.0" encoding="UTF-8"?>
<!-- Generated by org.testng.reporters.JUnitReportReporter -->
<testsuite hostname="DESKTOP-RTV7A8K" failures="0" tests="3" name="testngPractice2.ParameterizationDemo2" time="62.776" errors="0" timestamp="2024-09-08T04:34:52 IST" skipped="0">
  <testcase classname="testngPractice2.ParameterizationDemo2" name="setup" time="35.318"/>
  <system-out/>
  <testcase classname="testngPractice2.ParameterizationDemo2" name="setup" time="16.973"/>
  <system-out/>
  <testcase classname="testngPractice2.ParameterizationDemo2" name="setup" time="10.485"/>
  <system-out/>
</testsuite> <!-- testngPractice2.ParameterizationDemo2 -->
