<?xml version="1.0" encoding="UTF-8"?>
<!-- Generated by org.testng.reporters.JUnitReportReporter -->
<testsuite hostname="DESKTOP-RTV7A8K" failures="0" tests="3" name="dataProvider.DataPro" time="19.121" errors="0" timestamp="2024-09-11T17:07:04 IST" skipped="0">
  <testcase classname="dataProvider.DataPro" name="Search" time="5.045"/>
  <system-out/>
  <testcase classname="dataProvider.DataPro" name="Search" time="7.058"/>
  <system-out/>
  <testcase classname="dataProvider.DataPro" name="Search" time="7.018"/>
  <system-out/>
</testsuite> <!-- dataProvider.DataPro -->
