<?xml version="1.0" encoding="UTF-8"?>
<!-- Generated by org.testng.reporters.JUnitReportReporter -->
<testsuite hostname="DESKTOP-RTV7A8K" failures="0" tests="1" name="properties.Prop" time="0.014" errors="0" timestamp="2024-09-10T18:58:38 IST" skipped="0">
  <testcase classname="properties.Prop" name="test" time="0.014"/>
  <system-out/>
</testsuite> <!-- properties.Prop -->
