<?xml version="1.0" encoding="UTF-8"?>
<!-- Generated by org.testng.reporters.JUnitReportReporter -->
<testsuite hostname="DESKTOP-RTV7A8K" failures="0" tests="10" name="dataProvider.DataPro2" time="671.405" errors="0" timestamp="2024-09-12T21:09:08 IST" skipped="0">
  <testcase classname="dataProvider.DataPro2" name="Search" time="557.433"/>
  <system-out/>
  <testcase classname="dataProvider.DataPro2" name="Search" time="10.814"/>
  <system-out/>
  <testcase classname="dataProvider.DataPro2" name="Search" time="8.095"/>
  <system-out/>
  <testcase classname="dataProvider.DataPro2" name="Search" time="17.883"/>
  <system-out/>
  <testcase classname="dataProvider.DataPro2" name="Search" time="15.187"/>
  <system-out/>
  <testcase classname="dataProvider.DataPro2" name="Search" time="17.659"/>
  <system-out/>
  <testcase classname="dataProvider.DataPro2" name="Search" time="10.033"/>
  <system-out/>
  <testcase classname="dataProvider.DataPro2" name="Search" time="9.747"/>
  <system-out/>
  <testcase classname="dataProvider.DataPro2" name="Search" time="16.761"/>
  <system-out/>
  <testcase classname="dataProvider.DataPro2" name="Search" time="7.793"/>
  <system-out/>
</testsuite> <!-- dataProvider.DataPro2 -->
