<?xml version="1.0" encoding="UTF-8"?>
<!-- Generated by org.testng.reporters.JUnitReportReporter -->
<testsuite hostname="DESKTOP-RTV7A8K" failures="0" tests="4" name="testngPractice2.Asertionnn1" time="3.314" errors="0" timestamp="2024-09-05T14:35:08 IST" skipped="0">
  <testcase classname="testngPractice2.Asertionnn1" name="GetTitle" time="0.019"/>
  <system-out/>
  <testcase classname="testngPractice2.Asertionnn1" name="Clickonbtn" time="1.594"/>
  <system-out/>
  <testcase classname="testngPractice2.Asertionnn1" name="Enterinfo" time="0.259"/>
  <system-out/>
  <testcase classname="testngPractice2.Asertionnn1" name="Loginbtn" time="1.442"/>
  <system-out/>
</testsuite> <!-- testngPractice2.Asertionnn1 -->
