<?xml version="1.0" encoding="UTF-8"?>
<!-- Generated by org.testng.reporters.JUnitReportReporter -->
<testsuite hostname="DESKTOP-RTV7A8K" failures="0" tests="2" name="testngPractice.Test3" time="0.598" errors="0" timestamp="2024-09-04T10:47:22 IST" skipped="0">
  <testcase classname="testngPractice.Test3" name="Loginpage" time="0.258"/>
  <system-out/>
  <testcase classname="testngPractice.Test3" name="Loginpage" time="0.340"/>
  <system-out/>
</testsuite> <!-- testngPractice.Test3 -->
